2025-06-07 09:12:40:1240 [32minfo[39m: [32mDatabase client initialized[39m
2025-06-07 09:12:41:1241 [32minfo[39m: [32mæ³¨å†Œæ‚£è€…ä¸ªäººè®¾ç½®è·¯ç”±: /patient-setting[39m
2025-06-07 09:12:41:1241 [32minfo[39m: [32mæ³¨å†ŒåŒ»ç–—è®°å½•è·¯ç”±: /medical-records[39m
2025-06-07 09:12:41:1241 [32minfo[39m: [32mæ³¨å†ŒåŒ»ç”Ÿé¢„çº¦ç®¡ç†è·¯ç”±: /doctors/appointments[39m
2025-06-07 09:12:41:1241 [32minfo[39m: [32mæ³¨å†ŒåŒ»ç”Ÿæ‚£è€…ç®¡ç†è·¯ç”±: /doctor-patients[39m
2025-06-07 09:12:41:1241 [32minfo[39m: [32mæ³¨å†ŒåŒ»ç”Ÿä¸ªäººè®¾ç½®è·¯ç”±: /doctor-setting[39m
2025-06-07 09:12:41:1241 [32minfo[39m: [32mæ³¨å†ŒåŒ»ç”Ÿä»ªè¡¨ç›˜è·¯ç”±: /doctors/dashboard[39m
2025-06-07 09:12:41:1241 [32minfo[39m: [32mæ³¨å†Œç®¡ç†å‘˜éƒ¨é—¨ç®¡ç†è·¯ç”±: /admin/departments[39m
2025-06-07 09:12:41:1241 [32minfo[39m: [32mæ³¨å†Œç®¡ç†å‘˜ç”¨æˆ·ç®¡ç†è·¯ç”±: /admin/users[39m
2025-06-07 09:12:41:1241 [32minfo[39m: [32mæ³¨å†Œç®¡ç†å‘˜æ‚£è€…ç®¡ç†è·¯ç”±: /admin/patients[39m
2025-06-07 09:12:41:1241 [32minfo[39m: [32mæ³¨å†Œç®¡ç†å‘˜é¢„çº¦ç®¡ç†è·¯ç”±: /admin/appointments[39m
2025-06-07 09:12:41:1241 [32minfo[39m: [32mæ³¨å†Œç®¡ç†å‘˜ä»ªè¡¨ç›˜è·¯ç”±: /admin/dashboard[39m
2025-06-07 09:12:41:1241 [32minfo[39m: [32mæ³¨å†Œç®¡ç†å‘˜è®¾ç½®ç®¡ç†è·¯ç”±: /admin/settings[39m
2025-06-07 09:12:41:1241 [32minfo[39m: [32mæ³¨å†Œç®¡ç†å‘˜ä¸ªäººè®¾ç½®è·¯ç”±: /admin-setting[39m
2025-06-07 09:12:41:1241 [32minfo[39m: [32mæ³¨å†Œæ‚£è€…ä¸ªäººè®¾ç½®è·¯ç”±: /patient-setting[39m
2025-06-07 09:12:41:1241 [32minfo[39m: [32mæ³¨å†ŒåŒ»ç–—è®°å½•è·¯ç”±: /medical-records[39m
2025-06-07 09:12:41:1241 [32minfo[39m: [32mæ³¨å†ŒåŒ»ç”Ÿé¢„çº¦ç®¡ç†è·¯ç”±: /doctors/appointments[39m
2025-06-07 09:12:41:1241 [32minfo[39m: [32mæ³¨å†ŒåŒ»ç”Ÿæ‚£è€…ç®¡ç†è·¯ç”±: /doctor-patients[39m
2025-06-07 09:12:41:1241 [32minfo[39m: [32mæ³¨å†ŒåŒ»ç”Ÿä¸ªäººè®¾ç½®è·¯ç”±: /doctor-setting[39m
2025-06-07 09:12:41:1241 [32minfo[39m: [32mæ³¨å†ŒåŒ»ç”Ÿä»ªè¡¨ç›˜è·¯ç”±: /doctors/dashboard[39m
2025-06-07 09:12:41:1241 [32minfo[39m: [32mæ³¨å†Œç®¡ç†å‘˜éƒ¨é—¨ç®¡ç†è·¯ç”±: /admin/departments[39m
2025-06-07 09:12:41:1241 [32minfo[39m: [32mæ³¨å†Œç®¡ç†å‘˜ç”¨æˆ·ç®¡ç†è·¯ç”±: /admin/users[39m
2025-06-07 09:12:41:1241 [32minfo[39m: [32mæ³¨å†Œç®¡ç†å‘˜æ‚£è€…ç®¡ç†è·¯ç”±: /admin/patients[39m
2025-06-07 09:12:41:1241 [32minfo[39m: [32mæ³¨å†Œç®¡ç†å‘˜é¢„çº¦ç®¡ç†è·¯ç”±: /admin/appointments[39m
2025-06-07 09:12:41:1241 [32minfo[39m: [32mæ³¨å†Œç®¡ç†å‘˜ä»ªè¡¨ç›˜è·¯ç”±: /admin/dashboard[39m
2025-06-07 09:12:41:1241 [32minfo[39m: [32mæ³¨å†Œç®¡ç†å‘˜è®¾ç½®ç®¡ç†è·¯ç”±: /admin/settings[39m
2025-06-07 09:12:41:1241 [32minfo[39m: [32mæ³¨å†Œç®¡ç†å‘˜ä¸ªäººè®¾ç½®è·¯ç”±: /admin-setting[39m
2025-06-07 09:12:41:1241 [32minfo[39m: [32mServer is running on port 3001[39m
2025-06-07 09:12:41:1241 [32minfo[39m: [32mEnvironment: development[39m
