2025-06-09 23:53:55:5355 [31merror[39m: [31mValidation error: [[39m
[31m  {[39m
[31m    "code": "invalid_type",[39m
[31m    "expected": "string",[39m
[31m    "received": "undefined",[39m
[31m    "path": [[39m
[31m      "body",[39m
[31m      "password"[39m
[31m    ],[39m
[31m    "message": "Required"[39m
[31m  },[39m
[31m  {[39m
[31m    "code": "invalid_type",[39m
[31m    "expected": "string",[39m
[31m    "received": "undefined",[39m
[31m    "path": [[39m
[31m      "body",[39m
[31m      "confirmPassword"[39m
[31m    ],[39m
[31m    "message": "Required"[39m
[31m  },[39m
[31m  {[39m
[31m    "expected": "'patient' | 'doctor'",[39m
[31m    "received": "undefined",[39m
[31m    "code": "invalid_type",[39m
[31m    "path": [[39m
[31m      "body",[39m
[31m      "role"[39m
[31m    ],[39m
[31m    "message": "Required"[39m
[31m  }[39m
[31m][39m
2025-06-10 01:52:41:5241 [31merror[39m: [31mValidation error: [[39m
[31m  {[39m
[31m    "code": "invalid_type",[39m
[31m    "expected": "string",[39m
[31m    "received": "undefined",[39m
[31m    "path": [[39m
[31m      "body",[39m
[31m      "password"[39m
[31m    ],[39m
[31m    "message": "Required"[39m
[31m  },[39m
[31m  {[39m
[31m    "code": "invalid_type",[39m
[31m    "expected": "string",[39m
[31m    "received": "undefined",[39m
[31m    "path": [[39m
[31m      "body",[39m
[31m      "confirmPassword"[39m
[31m    ],[39m
[31m    "message": "Required"[39m
[31m  },[39m
[31m  {[39m
[31m    "expected": "'patient' | 'doctor'",[39m
[31m    "received": "undefined",[39m
[31m    "code": "invalid_type",[39m
[31m    "path": [[39m
[31m      "body",[39m
[31m      "role"[39m
[31m    ],[39m
[31m    "message": "Required"[39m
[31m  }[39m
[31m][39m
2025-06-10 01:53:29:5329 [31merror[39m: [31mValidation error: [[39m
[31m  {[39m
[31m    "code": "invalid_type",[39m
[31m    "expected": "string",[39m
[31m    "received": "undefined",[39m
[31m    "path": [[39m
[31m      "body",[39m
[31m      "password"[39m
[31m    ],[39m
[31m    "message": "Required"[39m
[31m  },[39m
[31m  {[39m
[31m    "code": "invalid_type",[39m
[31m    "expected": "string",[39m
[31m    "received": "undefined",[39m
[31m    "path": [[39m
[31m      "body",[39m
[31m      "confirmPassword"[39m
[31m    ],[39m
[31m    "message": "Required"[39m
[31m  },[39m
[31m  {[39m
[31m    "expected": "'patient' | 'doctor'",[39m
[31m    "received": "undefined",[39m
[31m    "code": "invalid_type",[39m
[31m    "path": [[39m
[31m      "body",[39m
[31m      "role"[39m
[31m    ],[39m
[31m    "message": "Required"[39m
[31m  }[39m
[31m][39m
2025-06-10 01:56:35:5635 [31merror[39m: [31mValidation error: [[39m
[31m  {[39m
[31m    "code": "invalid_type",[39m
[31m    "expected": "string",[39m
[31m    "received": "undefined",[39m
[31m    "path": [[39m
[31m      "body",[39m
[31m      "password"[39m
[31m    ],[39m
[31m    "message": "Required"[39m
[31m  },[39m
[31m  {[39m
[31m    "code": "invalid_type",[39m
[31m    "expected": "string",[39m
[31m    "received": "undefined",[39m
[31m    "path": [[39m
[31m      "body",[39m
[31m      "confirmPassword"[39m
[31m    ],[39m
[31m    "message": "Required"[39m
[31m  },[39m
[31m  {[39m
[31m    "expected": "'patient' | 'doctor'",[39m
[31m    "received": "undefined",[39m
[31m    "code": "invalid_type",[39m
[31m    "path": [[39m
[31m      "body",[39m
[31m      "role"[39m
[31m    ],[39m
[31m    "message": "Required"[39m
[31m  }[39m
[31m][39m
2025-06-10 02:07:08:78 [31merror[39m: [31mError: Cannot read properties of undefined (reading 'generateOTP')[39m
2025-06-11 16:31:14:3114 [31merror[39m: [31mValidation error: [[39m
[31m  {[39m
[31m    "validation": "regex",[39m
[31m    "code": "invalid_string",[39m
[31m    "message": "Password must contain at least one uppercase letter, one lowercase letter, one number, and one special character",[39m
[31m    "path": [[39m
[31m      "body",[39m
[31m      "password"[39m
[31m    ][39m
[31m  },[39m
[31m  {[39m
[31m    "code": "invalid_type",[39m
[31m    "expected": "string",[39m
[31m    "received": "undefined",[39m
[31m    "path": [[39m
[31m      "body",[39m
[31m      "confirmPassword"[39m
[31m    ],[39m
[31m    "message": "Required"[39m
[31m  }[39m
[31m][39m
2025-06-11 16:37:59:3759 [31merror[39m: [31mError: No verification code found. Please request a new one.[39m
2025-06-11 16:38:40:3840 [31merror[39m: [31mError: column "email_verified" of relation "users" does not exist[39m
2025-06-11 16:40:13:4013 [31merror[39m: [31mValidation error: [[39m
[31m  {[39m
[31m    "validation": "regex",[39m
[31m    "code": "invalid_string",[39m
[31m    "message": "Password must contain at least one uppercase letter, one lowercase letter, one number, and one special character (@$!%*?&)",[39m
[31m    "path": [[39m
[31m      "body",[39m
[31m      "password"[39m
[31m    ][39m
[31m  }[39m
[31m][39m
2025-06-11 16:42:00:420 [31merror[39m: [31mValidation error: [[39m
[31m  {[39m
[31m    "validation": "regex",[39m
[31m    "code": "invalid_string",[39m
[31m    "message": "Password must contain at least one uppercase letter, one lowercase letter, one number, and one special character (@$!%*?&)",[39m
[31m    "path": [[39m
[31m      "body",[39m
[31m      "password"[39m
[31m    ][39m
[31m  }[39m
[31m][39m
2025-06-11 16:44:51:4451 [31merror[39m: [31mError: User already exists[39m
2025-06-11 16:46:17:4617 [31merror[39m: [31mValidation error: [[39m
[31m  {[39m
[31m    "validation": "regex",[39m
[31m    "code": "invalid_string",[39m
[31m    "message": "Password must contain at least one uppercase letter, one lowercase letter, one number, and one special character (@$!%*?&)",[39m
[31m    "path": [[39m
[31m      "body",[39m
[31m      "password"[39m
[31m    ][39m
[31m  }[39m
[31m][39m
2025-06-11 16:46:19:4619 [31merror[39m: [31mValidation error: [[39m
[31m  {[39m
[31m    "validation": "regex",[39m
[31m    "code": "invalid_string",[39m
[31m    "message": "Password must contain at least one uppercase letter, one lowercase letter, one number, and one special character (@$!%*?&)",[39m
[31m    "path": [[39m
[31m      "body",[39m
[31m      "password"[39m
[31m    ][39m
[31m  }[39m
[31m][39m
2025-06-11 16:46:23:4623 [31merror[39m: [31mValidation error: [[39m
[31m  {[39m
[31m    "validation": "regex",[39m
[31m    "code": "invalid_string",[39m
[31m    "message": "Password must contain at least one uppercase letter, one lowercase letter, one number, and one special character (@$!%*?&)",[39m
[31m    "path": [[39m
[31m      "body",[39m
[31m      "password"[39m
[31m    ][39m
[31m  }[39m
[31m][39m
2025-06-11 17:10:01:101 [31merror[39m: [31mError: No account found with this email address. Please check your email or create a new account.[39m
2025-06-11 17:10:29:1029 [31merror[39m: [31mError: No account found with this email address. Please check your email or create a new account.[39m
2025-06-11 17:17:23:1723 [31merror[39m: [31mError: column "medical_history" of relation "patients" does not exist[39m
2025-06-11 17:29:40:2940 [31merror[39m: [31mError: Verification code has expired. Please request a new one.[39m
2025-06-11 17:39:34:3934 [31merror[39m: [31mValidation error: [[39m
[31m  {[39m
[31m    "validation": "regex",[39m
[31m    "code": "invalid_string",[39m
[31m    "message": "Password must contain at least one uppercase letter, one lowercase letter, one number, and one special character (@$!%*?&)",[39m
[31m    "path": [[39m
[31m      "body",[39m
[31m      "password"[39m
[31m    ][39m
[31m  }[39m
[31m][39m
2025-06-11 20:26:10:2610 [31merror[39m: [31mError: Invalid credentials[39m
2025-06-11 20:44:42:4442 [31merror[39m: [31mFailed to get setting categories: Cannot read properties of undefined (reading 'getCategoryDisplayName')[39m
2025-06-11 20:44:42:4442 [31merror[39m: [31mError: Failed to get setting categories[39m
2025-06-11 20:44:42:4442 [31merror[39m: [31mFailed to get setting categories: Cannot read properties of undefined (reading 'getCategoryDisplayName')[39m
2025-06-11 20:44:42:4442 [31merror[39m: [31mError: Failed to get setting categories[39m
2025-06-11 21:59:57:5957 [31merror[39m: [31mError: Invalid credentials[39m
2025-06-11 22:57:01:571 [31merror[39m: [31mQuery error: malformed array literal: "[]"[39m
2025-06-11 22:57:01:571 [31merror[39m: [31mFailed to get doctor medical records stats: malformed array literal: "[]"[39m
2025-06-11 22:57:01:571 [31merror[39m: [31mError: Failed to get medical records statistics[39m
2025-06-11 22:57:01:571 [31merror[39m: [31mQuery error: malformed array literal: "[]"[39m
2025-06-11 22:57:01:571 [31merror[39m: [31mFailed to get doctor medical records stats: malformed array literal: "[]"[39m
2025-06-11 22:57:01:571 [31merror[39m: [31mError: Failed to get medical records statistics[39m
2025-06-11 22:57:55:5755 [31merror[39m: [31mQuery error: malformed array literal: "[]"[39m
2025-06-11 22:57:55:5755 [31merror[39m: [31mFailed to get doctor medical records stats: malformed array literal: "[]"[39m
2025-06-11 22:57:55:5755 [31merror[39m: [31mError: Failed to get medical records statistics[39m
2025-06-11 22:57:55:5755 [31merror[39m: [31mQuery error: malformed array literal: "[]"[39m
2025-06-11 22:57:55:5755 [31merror[39m: [31mFailed to get doctor medical records stats: malformed array literal: "[]"[39m
2025-06-11 22:57:55:5755 [31merror[39m: [31mError: Failed to get medical records statistics[39m
2025-06-11 22:57:57:5757 [31merror[39m: [31mQuery error: malformed array literal: "[]"[39m
2025-06-11 22:57:57:5757 [31merror[39m: [31mFailed to get doctor medical records stats: malformed array literal: "[]"[39m
2025-06-11 22:57:57:5757 [31merror[39m: [31mError: Failed to get medical records statistics[39m
2025-06-11 22:57:57:5757 [31merror[39m: [31mQuery error: malformed array literal: "[]"[39m
2025-06-11 22:57:57:5757 [31merror[39m: [31mFailed to get doctor medical records stats: malformed array literal: "[]"[39m
2025-06-11 22:57:57:5757 [31merror[39m: [31mError: Failed to get medical records statistics[39m
2025-06-11 22:58:16:5816 [31merror[39m: [31mQuery error: malformed array literal: "[]"[39m
2025-06-11 22:58:16:5816 [31merror[39m: [31mFailed to get doctor medical records stats: malformed array literal: "[]"[39m
2025-06-11 22:58:16:5816 [31merror[39m: [31mError: Failed to get medical records statistics[39m
2025-06-11 22:58:17:5817 [31merror[39m: [31mQuery error: malformed array literal: "[]"[39m
2025-06-11 22:58:17:5817 [31merror[39m: [31mFailed to get doctor medical records stats: malformed array literal: "[]"[39m
2025-06-11 22:58:17:5817 [31merror[39m: [31mError: Failed to get medical records statistics[39m
2025-06-11 22:59:05:595 [31merror[39m: [31mQuery error: malformed array literal: "[]"[39m
2025-06-11 22:59:05:595 [31merror[39m: [31mFailed to get doctor medical records stats: malformed array literal: "[]"[39m
2025-06-11 22:59:05:595 [31merror[39m: [31mError: Failed to get medical records statistics[39m
2025-06-11 22:59:05:595 [31merror[39m: [31mQuery error: malformed array literal: "[]"[39m
2025-06-11 22:59:05:595 [31merror[39m: [31mFailed to get doctor medical records stats: malformed array literal: "[]"[39m
2025-06-11 22:59:05:595 [31merror[39m: [31mError: Failed to get medical records statistics[39m
2025-06-11 23:00:58:058 [31merror[39m: [31mQuery error: malformed array literal: "[]"[39m
2025-06-11 23:00:58:058 [31merror[39m: [31mFailed to get admin medical records statistics: malformed array literal: "[]"[39m
2025-06-11 23:00:58:058 [31merror[39m: [31mError: Failed to get medical records statistics[39m
2025-06-11 23:00:58:058 [31merror[39m: [31mQuery error: malformed array literal: "[]"[39m
2025-06-11 23:00:58:058 [31merror[39m: [31mFailed to get admin medical records statistics: malformed array literal: "[]"[39m
2025-06-11 23:00:58:058 [31merror[39m: [31mError: Failed to get medical records statistics[39m
2025-06-11 23:26:12:2612 [31merror[39m: [31mQuery error: malformed array literal: "[]"[39m
2025-06-11 23:26:12:2612 [31merror[39m: [31mFailed to get doctor medical records stats: malformed array literal: "[]"[39m
2025-06-11 23:26:12:2612 [31merror[39m: [31mError: Failed to get medical records statistics[39m
2025-06-11 23:26:12:2612 [31merror[39m: [31mQuery error: malformed array literal: "[]"[39m
2025-06-11 23:26:12:2612 [31merror[39m: [31mFailed to get doctor medical records stats: malformed array literal: "[]"[39m
2025-06-11 23:26:12:2612 [31merror[39m: [31mError: Failed to get medical records statistics[39m
2025-06-11 23:30:02:302 [31merror[39m: [31mError: User already exists[39m
2025-06-12 00:26:13:2613 [31merror[39m: [31mValidation error: [[39m
[31m  {[39m
[31m    "validation": "email",[39m
[31m    "code": "invalid_string",[39m
[31m    "message": "Invalid email format",[39m
[31m    "path": [[39m
[31m      "body",[39m
[31m      "email"[39m
[31m    ][39m
[31m  }[39m
[31m][39m
2025-06-12 00:26:34:2634 [31merror[39m: [31mError: Too many password reset attempts. Please try again in 15 minutes.[39m
2025-06-12 00:26:34:2634 [31merror[39m: [31mError: Too many password reset attempts. Please try again in 15 minutes.[39m
2025-06-12 00:26:34:2634 [31merror[39m: [31mError: Too many password reset attempts. Please try again in 15 minutes.[39m
2025-06-12 00:26:34:2634 [31merror[39m: [31mError: Too many password reset attempts. Please try again in 15 minutes.[39m
2025-06-12 10:59:38:5938 [31merror[39m: [31mQuery error: malformed array literal: "[]"[39m
2025-06-12 10:59:38:5938 [31merror[39m: [31mFailed to get doctor medical records stats: malformed array literal: "[]"[39m
2025-06-12 10:59:38:5938 [31merror[39m: [31mError: Failed to get medical records statistics[39m
2025-06-12 10:59:38:5938 [31merror[39m: [31mQuery error: malformed array literal: "[]"[39m
2025-06-12 10:59:38:5938 [31merror[39m: [31mFailed to get doctor medical records stats: malformed array literal: "[]"[39m
2025-06-12 10:59:38:5938 [31merror[39m: [31mError: Failed to get medical records statistics[39m
2025-06-12 12:09:46:946 [31merror[39m: [31mQuery error: malformed array literal: "[]"[39m
2025-06-12 12:09:46:946 [31merror[39m: [31mFailed to get doctor medical records stats: malformed array literal: "[]"[39m
2025-06-12 12:09:46:946 [31merror[39m: [31mError: Failed to get medical records statistics[39m
2025-06-12 12:09:46:946 [31merror[39m: [31mQuery error: malformed array literal: "[]"[39m
2025-06-12 12:09:46:946 [31merror[39m: [31mFailed to get doctor medical records stats: malformed array literal: "[]"[39m
2025-06-12 12:09:46:946 [31merror[39m: [31mError: Failed to get medical records statistics[39m
2025-06-12 12:10:47:1047 [31merror[39m: [31mQuery error: malformed array literal: "[]"[39m
2025-06-12 12:10:47:1047 [31merror[39m: [31mFailed to get admin medical records statistics: malformed array literal: "[]"[39m
2025-06-12 12:10:47:1047 [31merror[39m: [31mError: Failed to get medical records statistics[39m
2025-06-12 12:10:47:1047 [31merror[39m: [31mQuery error: malformed array literal: "[]"[39m
2025-06-12 12:10:47:1047 [31merror[39m: [31mFailed to get admin medical records statistics: malformed array literal: "[]"[39m
2025-06-12 12:10:47:1047 [31merror[39m: [31mError: Failed to get medical records statistics[39m
2025-06-12 12:10:50:1050 [31merror[39m: [31mFailed to get setting categories: Cannot read properties of undefined (reading 'getCategoryDisplayName')[39m
2025-06-12 12:10:50:1050 [31merror[39m: [31mError: Failed to get setting categories[39m
2025-06-12 12:10:50:1050 [31merror[39m: [31mFailed to get setting categories: Cannot read properties of undefined (reading 'getCategoryDisplayName')[39m
2025-06-12 12:10:50:1050 [31merror[39m: [31mError: Failed to get setting categories[39m
2025-06-12 12:32:27:3227 [31merror[39m: [31mFailed to get setting categories: Cannot read properties of undefined (reading 'getCategoryDisplayName')[39m
2025-06-12 12:32:27:3227 [31merror[39m: [31mError: Failed to get setting categories[39m
2025-06-12 12:32:27:3227 [31merror[39m: [31mFailed to get setting categories: Cannot read properties of undefined (reading 'getCategoryDisplayName')[39m
2025-06-12 12:32:27:3227 [31merror[39m: [31mError: Failed to get setting categories[39m
2025-06-12 12:32:43:3243 [31merror[39m: [31mFailed to get setting categories: Cannot read properties of undefined (reading 'getCategoryDisplayName')[39m
2025-06-12 12:32:43:3243 [31merror[39m: [31mError: Failed to get setting categories[39m
2025-06-12 12:32:44:3244 [31merror[39m: [31mQuery error: malformed array literal: "[]"[39m
2025-06-12 12:32:44:3244 [31merror[39m: [31mFailed to get admin medical records statistics: malformed array literal: "[]"[39m
2025-06-12 12:32:44:3244 [31merror[39m: [31mError: Failed to get medical records statistics[39m
2025-06-12 12:32:44:3244 [31merror[39m: [31mQuery error: malformed array literal: "[]"[39m
2025-06-12 12:32:44:3244 [31merror[39m: [31mFailed to get admin medical records statistics: malformed array literal: "[]"[39m
2025-06-12 12:32:44:3244 [31merror[39m: [31mError: Failed to get medical records statistics[39m
2025-06-12 12:33:20:3320 [31merror[39m: [31mQuery error: malformed array literal: "[]"[39m
2025-06-12 12:33:20:3320 [31merror[39m: [31mFailed to get admin medical records statistics: malformed array literal: "[]"[39m
2025-06-12 12:33:20:3320 [31merror[39m: [31mError: Failed to get medical records statistics[39m
2025-06-12 12:33:20:3320 [31merror[39m: [31mQuery error: malformed array literal: "[]"[39m
2025-06-12 12:33:20:3320 [31merror[39m: [31mFailed to get admin medical records statistics: malformed array literal: "[]"[39m
2025-06-12 12:33:20:3320 [31merror[39m: [31mError: Failed to get medical records statistics[39m
2025-06-12 13:30:01:301 [31merror[39m: [31mQuery error: malformed array literal: "[]"[39m
2025-06-12 13:30:02:302 [31merror[39m: [31mFailed to get admin medical records statistics: malformed array literal: "[]"[39m
2025-06-12 13:30:02:302 [31merror[39m: [31mError: Failed to get medical records statistics[39m
2025-06-12 13:30:02:302 [31merror[39m: [31mQuery error: malformed array literal: "[]"[39m
2025-06-12 13:30:02:302 [31merror[39m: [31mFailed to get admin medical records statistics: malformed array literal: "[]"[39m
2025-06-12 13:30:02:302 [31merror[39m: [31mError: Failed to get medical records statistics[39m
2025-06-12 13:32:51:3251 [31merror[39m: [31mQuery error: malformed array literal: "[]"[39m
2025-06-12 13:32:51:3251 [31merror[39m: [31mFailed to get admin medical records statistics: malformed array literal: "[]"[39m
2025-06-12 13:32:51:3251 [31merror[39m: [31mError: Failed to get medical records statistics[39m
2025-06-12 13:32:51:3251 [31merror[39m: [31mQuery error: malformed array literal: "[]"[39m
2025-06-12 13:32:51:3251 [31merror[39m: [31mFailed to get admin medical records statistics: malformed array literal: "[]"[39m
2025-06-12 13:32:51:3251 [31merror[39m: [31mError: Failed to get medical records statistics[39m
2025-06-12 14:05:39:539 [31merror[39m: [31mQuery error: malformed array literal: "[]"[39m
2025-06-12 14:05:39:539 [31merror[39m: [31mFailed to get admin medical records statistics: malformed array literal: "[]"[39m
2025-06-12 14:05:39:539 [31merror[39m: [31mError: Failed to get medical records statistics[39m
2025-06-12 14:05:39:539 [31merror[39m: [31mQuery error: malformed array literal: "[]"[39m
2025-06-12 14:05:39:539 [31merror[39m: [31mFailed to get admin medical records statistics: malformed array literal: "[]"[39m
2025-06-12 14:05:39:539 [31merror[39m: [31mError: Failed to get medical records statistics[39m
2025-06-12 14:05:40:540 [31merror[39m: [31mFailed to get setting categories: Cannot read properties of undefined (reading 'getCategoryDisplayName')[39m
2025-06-12 14:05:40:540 [31merror[39m: [31mError: Failed to get setting categories[39m
2025-06-12 14:05:40:540 [31merror[39m: [31mFailed to get setting categories: Cannot read properties of undefined (reading 'getCategoryDisplayName')[39m
2025-06-12 14:05:40:540 [31merror[39m: [31mError: Failed to get setting categories[39m
2025-06-12 16:15:30:1530 [31merror[39m: [31mQuery error: malformed array literal: "[]"[39m
2025-06-12 16:15:30:1530 [31merror[39m: [31mFailed to get admin medical records statistics: malformed array literal: "[]"[39m
2025-06-12 16:15:30:1530 [31merror[39m: [31mError: Failed to get medical records statistics[39m
2025-06-12 16:15:30:1530 [31merror[39m: [31mQuery error: malformed array literal: "[]"[39m
2025-06-12 16:15:30:1530 [31merror[39m: [31mFailed to get admin medical records statistics: malformed array literal: "[]"[39m
2025-06-12 16:15:30:1530 [31merror[39m: [31mError: Failed to get medical records statistics[39m
2025-06-12 16:15:31:1531 [31merror[39m: [31mFailed to get setting categories: Cannot read properties of undefined (reading 'getCategoryDisplayName')[39m
2025-06-12 16:15:31:1531 [31merror[39m: [31mError: Failed to get setting categories[39m
2025-06-12 16:15:31:1531 [31merror[39m: [31mFailed to get setting categories: Cannot read properties of undefined (reading 'getCategoryDisplayName')[39m
2025-06-12 16:15:31:1531 [31merror[39m: [31mError: Failed to get setting categories[39m
2025-06-12 16:15:33:1533 [31merror[39m: [31mQuery error: malformed array literal: "[]"[39m
2025-06-12 16:15:33:1533 [31merror[39m: [31mFailed to get admin medical records statistics: malformed array literal: "[]"[39m
2025-06-12 16:15:33:1533 [31merror[39m: [31mError: Failed to get medical records statistics[39m
2025-06-12 16:15:33:1533 [31merror[39m: [31mQuery error: malformed array literal: "[]"[39m
2025-06-12 16:15:33:1533 [31merror[39m: [31mFailed to get admin medical records statistics: malformed array literal: "[]"[39m
2025-06-12 16:15:33:1533 [31merror[39m: [31mError: Failed to get medical records statistics[39m
2025-06-12 16:19:59:1959 [31merror[39m: [31mError: Invalid credentials[39m
2025-06-12 20:56:24:5624 [31merror[39m: [31mQuery error: malformed array literal: "[]"[39m
2025-06-12 20:56:24:5624 [31merror[39m: [31mFailed to get admin medical records statistics: malformed array literal: "[]"[39m
2025-06-12 20:56:24:5624 [31merror[39m: [31mError: Failed to get medical records statistics[39m
2025-06-13 12:20:14:2014 [31merror[39m: [31mQuery error: malformed array literal: "[]"[39m
2025-06-13 12:20:14:2014 [31merror[39m: [31mFailed to get admin medical records statistics: malformed array literal: "[]"[39m
2025-06-13 12:20:14:2014 [31merror[39m: [31mError: Failed to get medical records statistics[39m
2025-06-13 12:20:14:2014 [31merror[39m: [31mQuery error: malformed array literal: "[]"[39m
2025-06-13 12:20:14:2014 [31merror[39m: [31mFailed to get admin medical records statistics: malformed array literal: "[]"[39m
2025-06-13 12:20:14:2014 [31merror[39m: [31mError: Failed to get medical records statistics[39m
2025-06-13 12:20:59:2059 [31merror[39m: [31mQuery error: malformed array literal: "[]"[39m
2025-06-13 12:20:59:2059 [31merror[39m: [31mFailed to get admin medical records statistics: malformed array literal: "[]"[39m
2025-06-13 12:20:59:2059 [31merror[39m: [31mError: Failed to get medical records statistics[39m
2025-06-13 12:20:59:2059 [31merror[39m: [31mQuery error: malformed array literal: "[]"[39m
2025-06-13 12:20:59:2059 [31merror[39m: [31mFailed to get admin medical records statistics: malformed array literal: "[]"[39m
2025-06-13 12:20:59:2059 [31merror[39m: [31mError: Failed to get medical records statistics[39m
2025-06-13 12:22:46:2246 [31merror[39m: [31mQuery error: malformed array literal: "[]"[39m
2025-06-13 12:22:46:2246 [31merror[39m: [31mFailed to get admin medical records statistics: malformed array literal: "[]"[39m
2025-06-13 12:22:46:2246 [31merror[39m: [31mError: Failed to get medical records statistics[39m
2025-06-13 12:22:46:2246 [31merror[39m: [31mQuery error: malformed array literal: "[]"[39m
2025-06-13 12:22:46:2246 [31merror[39m: [31mFailed to get admin medical records statistics: malformed array literal: "[]"[39m
2025-06-13 12:22:46:2246 [31merror[39m: [31mError: Failed to get medical records statistics[39m
2025-06-13 12:22:57:2257 [31merror[39m: [31mQuery error: malformed array literal: "[]"[39m
2025-06-13 12:22:57:2257 [31merror[39m: [31mFailed to get admin medical records statistics: malformed array literal: "[]"[39m
2025-06-13 12:22:57:2257 [31merror[39m: [31mError: Failed to get medical records statistics[39m
2025-06-13 12:22:57:2257 [31merror[39m: [31mQuery error: malformed array literal: "[]"[39m
2025-06-13 12:22:57:2257 [31merror[39m: [31mFailed to get admin medical records statistics: malformed array literal: "[]"[39m
2025-06-13 12:22:57:2257 [31merror[39m: [31mError: Failed to get medical records statistics[39m
2025-06-13 12:23:59:2359 [31merror[39m: [31mQuery error: malformed array literal: "[]"[39m
2025-06-13 12:23:59:2359 [31merror[39m: [31mFailed to get admin medical records statistics: malformed array literal: "[]"[39m
2025-06-13 12:23:59:2359 [31merror[39m: [31mError: Failed to get medical records statistics[39m
2025-06-13 12:23:59:2359 [31merror[39m: [31mQuery error: malformed array literal: "[]"[39m
2025-06-13 12:23:59:2359 [31merror[39m: [31mFailed to get admin medical records statistics: malformed array literal: "[]"[39m
2025-06-13 12:23:59:2359 [31merror[39m: [31mError: Failed to get medical records statistics[39m
2025-06-13 12:46:22:4622 [31merror[39m: [31mFailed to get setting categories: Cannot read properties of undefined (reading 'getCategoryDisplayName')[39m
2025-06-13 12:46:22:4622 [31merror[39m: [31mError: Failed to get setting categories[39m
2025-06-13 12:46:22:4622 [31merror[39m: [31mFailed to get setting categories: Cannot read properties of undefined (reading 'getCategoryDisplayName')[39m
2025-06-13 12:46:22:4622 [31merror[39m: [31mError: Failed to get setting categories[39m
2025-06-13 12:46:36:4636 [31merror[39m: [31mQuery error: malformed array literal: "[]"[39m
2025-06-13 12:46:36:4636 [31merror[39m: [31mFailed to get admin medical records statistics: malformed array literal: "[]"[39m
2025-06-13 12:46:36:4636 [31merror[39m: [31mError: Failed to get medical records statistics[39m
2025-06-13 12:46:36:4636 [31merror[39m: [31mQuery error: malformed array literal: "[]"[39m
2025-06-13 12:46:36:4636 [31merror[39m: [31mFailed to get admin medical records statistics: malformed array literal: "[]"[39m
2025-06-13 12:46:36:4636 [31merror[39m: [31mError: Failed to get medical records statistics[39m
2025-06-13 12:46:38:4638 [31merror[39m: [31mFailed to get setting categories: Cannot read properties of undefined (reading 'getCategoryDisplayName')[39m
2025-06-13 12:46:38:4638 [31merror[39m: [31mError: Failed to get setting categories[39m
2025-06-13 12:46:38:4638 [31merror[39m: [31mFailed to get setting categories: Cannot read properties of undefined (reading 'getCategoryDisplayName')[39m
2025-06-13 12:46:38:4638 [31merror[39m: [31mError: Failed to get setting categories[39m
2025-06-13 12:47:32:4732 [31merror[39m: [31mQuery error: malformed array literal: "[]"[39m
2025-06-13 12:47:32:4732 [31merror[39m: [31mFailed to get doctor medical records stats: malformed array literal: "[]"[39m
2025-06-13 12:47:32:4732 [31merror[39m: [31mError: Failed to get medical records statistics[39m
2025-06-13 12:47:32:4732 [31merror[39m: [31mQuery error: malformed array literal: "[]"[39m
2025-06-13 12:47:32:4732 [31merror[39m: [31mFailed to get doctor medical records stats: malformed array literal: "[]"[39m
2025-06-13 12:47:32:4732 [31merror[39m: [31mError: Failed to get medical records statistics[39m
2025-06-13 13:00:31:031 [31merror[39m: [31mQuery error: malformed array literal: "[]"[39m
2025-06-13 13:00:31:031 [31merror[39m: [31mFailed to get doctor medical records stats: malformed array literal: "[]"[39m
2025-06-13 13:00:31:031 [31merror[39m: [31mError: Failed to get medical records statistics[39m
2025-06-13 13:00:31:031 [31merror[39m: [31mQuery error: malformed array literal: "[]"[39m
2025-06-13 13:00:31:031 [31merror[39m: [31mFailed to get doctor medical records stats: malformed array literal: "[]"[39m
2025-06-13 13:00:31:031 [31merror[39m: [31mError: Failed to get medical records statistics[39m
2025-06-13 13:01:48:148 [31merror[39m: [31mQuery error: malformed array literal: "[]"[39m
2025-06-13 13:01:48:148 [31merror[39m: [31mFailed to get doctor medical records stats: malformed array literal: "[]"[39m
2025-06-13 13:01:48:148 [31merror[39m: [31mError: Failed to get medical records statistics[39m
2025-06-13 13:01:48:148 [31merror[39m: [31mQuery error: malformed array literal: "[]"[39m
2025-06-13 13:01:48:148 [31merror[39m: [31mFailed to get doctor medical records stats: malformed array literal: "[]"[39m
2025-06-13 13:01:48:148 [31merror[39m: [31mError: Failed to get medical records statistics[39m
2025-06-13 13:02:02:22 [31merror[39m: [31mQuery error: malformed array literal: "[]"[39m
2025-06-13 13:02:02:22 [31merror[39m: [31mFailed to get doctor medical records stats: malformed array literal: "[]"[39m
2025-06-13 13:02:02:22 [31merror[39m: [31mError: Failed to get medical records statistics[39m
2025-06-13 13:02:02:22 [31merror[39m: [31mQuery error: malformed array literal: "[]"[39m
2025-06-13 13:02:02:22 [31merror[39m: [31mFailed to get doctor medical records stats: malformed array literal: "[]"[39m
2025-06-13 13:02:02:22 [31merror[39m: [31mError: Failed to get medical records statistics[39m
2025-06-13 13:06:20:620 [31merror[39m: [31mQuery error: malformed array literal: "[]"[39m
2025-06-13 13:06:20:620 [31merror[39m: [31mFailed to get admin medical records statistics: malformed array literal: "[]"[39m
2025-06-13 13:06:20:620 [31merror[39m: [31mError: Failed to get medical records statistics[39m
2025-06-13 13:06:20:620 [31merror[39m: [31mQuery error: malformed array literal: "[]"[39m
2025-06-13 13:06:20:620 [31merror[39m: [31mFailed to get admin medical records statistics: malformed array literal: "[]"[39m
2025-06-13 13:06:20:620 [31merror[39m: [31mError: Failed to get medical records statistics[39m
2025-06-13 13:14:42:1442 [31merror[39m: [31mQuery error: malformed array literal: "[]"[39m
2025-06-13 13:14:42:1442 [31merror[39m: [31mFailed to get admin medical records statistics: malformed array literal: "[]"[39m
2025-06-13 13:14:42:1442 [31merror[39m: [31mError: Failed to get medical records statistics[39m
2025-06-13 13:14:42:1442 [31merror[39m: [31mQuery error: malformed array literal: "[]"[39m
2025-06-13 13:14:42:1442 [31merror[39m: [31mFailed to get admin medical records statistics: malformed array literal: "[]"[39m
2025-06-13 13:14:42:1442 [31merror[39m: [31mError: Failed to get medical records statistics[39m
2025-06-13 13:14:49:1449 [31merror[39m: [31mFailed to get setting categories: Cannot read properties of undefined (reading 'getCategoryDisplayName')[39m
2025-06-13 13:14:49:1449 [31merror[39m: [31mError: Failed to get setting categories[39m
2025-06-13 13:14:49:1449 [31merror[39m: [31mFailed to get setting categories: Cannot read properties of undefined (reading 'getCategoryDisplayName')[39m
2025-06-13 13:14:49:1449 [31merror[39m: [31mError: Failed to get setting categories[39m
2025-06-13 14:14:53:1453 [31merror[39m: [31mQuery error: malformed array literal: "[]"[39m
2025-06-13 14:14:53:1453 [31merror[39m: [31mFailed to get admin medical records statistics: malformed array literal: "[]"[39m
2025-06-13 14:14:53:1453 [31merror[39m: [31mError: Failed to get medical records statistics[39m
2025-06-13 14:14:53:1453 [31merror[39m: [31mQuery error: malformed array literal: "[]"[39m
2025-06-13 14:14:53:1453 [31merror[39m: [31mFailed to get admin medical records statistics: malformed array literal: "[]"[39m
2025-06-13 14:14:53:1453 [31merror[39m: [31mError: Failed to get medical records statistics[39m
2025-06-13 14:15:45:1545 [31merror[39m: [31mQuery error: malformed array literal: "[]"[39m
2025-06-13 14:15:45:1545 [31merror[39m: [31mFailed to get doctor medical records stats: malformed array literal: "[]"[39m
2025-06-13 14:15:45:1545 [31merror[39m: [31mError: Failed to get medical records statistics[39m
2025-06-13 14:15:45:1545 [31merror[39m: [31mQuery error: malformed array literal: "[]"[39m
2025-06-13 14:15:45:1545 [31merror[39m: [31mFailed to get doctor medical records stats: malformed array literal: "[]"[39m
2025-06-13 14:15:45:1545 [31merror[39m: [31mError: Failed to get medical records statistics[39m
2025-06-13 17:06:28:628 [31merror[39m: [31mError: User already exists[39m
2025-06-22 10:24:14:2414 [31merror[39m: [31mError: User already exists[39m
2025-06-22 10:28:47:2847 [31merror[39m: [31mQuery error: malformed array literal: "[]"[39m
2025-06-22 10:28:47:2847 [31merror[39m: [31mFailed to get doctor medical records stats: malformed array literal: "[]"[39m
2025-06-22 10:28:47:2847 [31merror[39m: [31mError: Failed to get medical records statistics[39m
2025-06-22 10:28:47:2847 [31merror[39m: [31mQuery error: malformed array literal: "[]"[39m
2025-06-22 10:28:47:2847 [31merror[39m: [31mFailed to get doctor medical records stats: malformed array literal: "[]"[39m
2025-06-22 10:28:47:2847 [31merror[39m: [31mError: Failed to get medical records statistics[39m
2025-06-22 10:37:10:3710 [31merror[39m: [31mFailed to get setting categories: Cannot read properties of undefined (reading 'getCategoryDisplayName')[39m
2025-06-22 10:37:10:3710 [31merror[39m: [31mError: Failed to get setting categories[39m
2025-06-22 10:37:10:3710 [31merror[39m: [31mFailed to get setting categories: Cannot read properties of undefined (reading 'getCategoryDisplayName')[39m
2025-06-22 10:37:10:3710 [31merror[39m: [31mError: Failed to get setting categories[39m
2025-06-22 10:40:35:4035 [31merror[39m: [31mFailed to get setting categories: Cannot read properties of undefined (reading 'getCategoryDisplayName')[39m
2025-06-22 10:40:35:4035 [31merror[39m: [31mError: Failed to get setting categories[39m
2025-06-22 10:40:35:4035 [31merror[39m: [31mFailed to get setting categories: Cannot read properties of undefined (reading 'getCategoryDisplayName')[39m
2025-06-22 10:40:35:4035 [31merror[39m: [31mError: Failed to get setting categories[39m
2025-06-22 10:40:50:4050 [31merror[39m: [31mFailed to get setting categories: Cannot read properties of undefined (reading 'getCategoryDisplayName')[39m
2025-06-22 10:40:50:4050 [31merror[39m: [31mError: Failed to get setting categories[39m
2025-06-22 10:41:00:410 [31merror[39m: [31mFailed to get setting categories: Cannot read properties of undefined (reading 'getCategoryDisplayName')[39m
2025-06-22 10:41:00:410 [31merror[39m: [31mError: Failed to get setting categories[39m
2025-06-22 10:41:00:410 [31merror[39m: [31mFailed to get setting categories: Cannot read properties of undefined (reading 'getCategoryDisplayName')[39m
2025-06-22 10:41:00:410 [31merror[39m: [31mError: Failed to get setting categories[39m
2025-06-22 10:42:16:4216 [31merror[39m: [31mFailed to get setting categories: Cannot read properties of undefined (reading 'getCategoryDisplayName')[39m
2025-06-22 10:42:16:4216 [31merror[39m: [31mError: Failed to get setting categories[39m
2025-06-22 10:42:16:4216 [31merror[39m: [31mFailed to get setting categories: Cannot read properties of undefined (reading 'getCategoryDisplayName')[39m
2025-06-22 10:42:16:4216 [31merror[39m: [31mError: Failed to get setting categories[39m
2025-06-22 10:42:19:4219 [31merror[39m: [31mQuery error: malformed array literal: "[]"[39m
2025-06-22 10:42:19:4219 [31merror[39m: [31mFailed to get admin medical records statistics: malformed array literal: "[]"[39m
2025-06-22 10:42:19:4219 [31merror[39m: [31mError: Failed to get medical records statistics[39m
2025-06-22 10:42:19:4219 [31merror[39m: [31mQuery error: malformed array literal: "[]"[39m
2025-06-22 10:42:19:4219 [31merror[39m: [31mFailed to get admin medical records statistics: malformed array literal: "[]"[39m
2025-06-22 10:42:19:4219 [31merror[39m: [31mError: Failed to get medical records statistics[39m
2025-06-22 10:43:26:4326 [31merror[39m: [31mQuery error: malformed array literal: "[]"[39m
2025-06-22 10:43:26:4326 [31merror[39m: [31mFailed to get admin medical records statistics: malformed array literal: "[]"[39m
2025-06-22 10:43:26:4326 [31merror[39m: [31mError: Failed to get medical records statistics[39m
2025-06-22 10:43:26:4326 [31merror[39m: [31mQuery error: malformed array literal: "[]"[39m
2025-06-22 10:43:26:4326 [31merror[39m: [31mFailed to get admin medical records statistics: malformed array literal: "[]"[39m
2025-06-22 10:43:26:4326 [31merror[39m: [31mError: Failed to get medical records statistics[39m
2025-06-22 10:43:27:4327 [31merror[39m: [31mFailed to get setting categories: Cannot read properties of undefined (reading 'getCategoryDisplayName')[39m
2025-06-22 10:43:27:4327 [31merror[39m: [31mError: Failed to get setting categories[39m
2025-06-22 10:43:27:4327 [31merror[39m: [31mFailed to get setting categories: Cannot read properties of undefined (reading 'getCategoryDisplayName')[39m
2025-06-22 10:43:27:4327 [31merror[39m: [31mError: Failed to get setting categories[39m
2025-06-22 10:43:48:4348 [31merror[39m: [31mFailed to get setting categories: Cannot read properties of undefined (reading 'getCategoryDisplayName')[39m
2025-06-22 10:43:48:4348 [31merror[39m: [31mError: Failed to get setting categories[39m
2025-06-22 10:43:48:4348 [31merror[39m: [31mFailed to get setting categories: Cannot read properties of undefined (reading 'getCategoryDisplayName')[39m
2025-06-22 10:43:48:4348 [31merror[39m: [31mError: Failed to get setting categories[39m
2025-06-22 10:43:49:4349 [31merror[39m: [31mQuery error: malformed array literal: "[]"[39m
2025-06-22 10:43:49:4349 [31merror[39m: [31mFailed to get admin medical records statistics: malformed array literal: "[]"[39m
2025-06-22 10:43:49:4349 [31merror[39m: [31mError: Failed to get medical records statistics[39m
2025-06-22 10:43:49:4349 [31merror[39m: [31mQuery error: malformed array literal: "[]"[39m
2025-06-22 10:43:49:4349 [31merror[39m: [31mFailed to get admin medical records statistics: malformed array literal: "[]"[39m
2025-06-22 10:43:49:4349 [31merror[39m: [31mError: Failed to get medical records statistics[39m
2025-06-22 10:46:52:4652 [31merror[39m: [31mFailed to get setting categories: Cannot read properties of undefined (reading 'getCategoryDisplayName')[39m
2025-06-22 10:46:52:4652 [31merror[39m: [31mError: Failed to get setting categories[39m
2025-06-22 10:46:52:4652 [31merror[39m: [31mFailed to get setting categories: Cannot read properties of undefined (reading 'getCategoryDisplayName')[39m
2025-06-22 10:46:52:4652 [31merror[39m: [31mError: Failed to get setting categories[39m
2025-06-22 10:50:45:5045 [31merror[39m: [31mQuery error: malformed array literal: "[]"[39m
2025-06-22 10:50:45:5045 [31merror[39m: [31mFailed to get admin medical records statistics: malformed array literal: "[]"[39m
2025-06-22 10:50:45:5045 [31merror[39m: [31mError: Failed to get medical records statistics[39m
2025-06-22 10:50:45:5045 [31merror[39m: [31mQuery error: malformed array literal: "[]"[39m
2025-06-22 10:50:45:5045 [31merror[39m: [31mFailed to get admin medical records statistics: malformed array literal: "[]"[39m
2025-06-22 10:50:45:5045 [31merror[39m: [31mError: Failed to get medical records statistics[39m
2025-06-22 11:02:36:236 [31merror[39m: [31mFailed to get setting categories: Cannot read properties of undefined (reading 'getCategoryDisplayName')[39m
2025-06-22 11:02:36:236 [31merror[39m: [31mError: Failed to get setting categories[39m
2025-06-22 11:02:36:236 [31merror[39m: [31mFailed to get setting categories: Cannot read properties of undefined (reading 'getCategoryDisplayName')[39m
2025-06-22 11:02:36:236 [31merror[39m: [31mError: Failed to get setting categories[39m
2025-06-22 20:19:09:199 [31merror[39m: [31mQuery error: malformed array literal: "[]"[39m
2025-06-22 20:19:09:199 [31merror[39m: [31mFailed to get doctor medical records stats: malformed array literal: "[]"[39m
2025-06-22 20:19:09:199 [31merror[39m: [31mError: Failed to get medical records statistics[39m
2025-06-22 20:19:09:199 [31merror[39m: [31mQuery error: malformed array literal: "[]"[39m
2025-06-22 20:19:09:199 [31merror[39m: [31mFailed to get doctor medical records stats: malformed array literal: "[]"[39m
2025-06-22 20:19:09:199 [31merror[39m: [31mError: Failed to get medical records statistics[39m
2025-06-22 20:55:31:5531 [31merror[39m: [31mQuery error: null value in column "end_datetime" of relation "appointments" violates not-null constraint[39m
2025-06-22 20:55:31:5531 [31merror[39m: [31mFailed to create appointment: null value in column "end_datetime" of relation "appointments" violates not-null constraint[39m
2025-06-22 20:55:31:5531 [31merror[39m: [31mError: Failed to create appointment[39m
2025-06-22 20:55:32:5532 [31merror[39m: [31mQuery error: null value in column "end_datetime" of relation "appointments" violates not-null constraint[39m
2025-06-22 20:55:32:5532 [31merror[39m: [31mFailed to create appointment: null value in column "end_datetime" of relation "appointments" violates not-null constraint[39m
2025-06-22 20:55:32:5532 [31merror[39m: [31mError: Failed to create appointment[39m
2025-06-22 20:55:35:5535 [31merror[39m: [31mQuery error: null value in column "end_datetime" of relation "appointments" violates not-null constraint[39m
2025-06-22 20:55:35:5535 [31merror[39m: [31mFailed to create appointment: null value in column "end_datetime" of relation "appointments" violates not-null constraint[39m
2025-06-22 20:55:35:5535 [31merror[39m: [31mError: Failed to create appointment[39m
2025-06-22 21:01:19:119 [31merror[39m: [31mQuery error: invalid input value for enum appointment_status: "pending"[39m
2025-06-22 21:01:19:119 [31merror[39m: [31mFailed to remove doctor: invalid input value for enum appointment_status: "pending"[39m
2025-06-22 21:01:19:119 [31merror[39m: [31mError: Failed to remove doctor[39m
2025-06-22 21:02:28:228 [31merror[39m: [31mQuery error: malformed array literal: "[]"[39m
2025-06-22 21:02:28:228 [31merror[39m: [31mFailed to get admin medical records statistics: malformed array literal: "[]"[39m
2025-06-22 21:02:28:228 [31merror[39m: [31mError: Failed to get medical records statistics[39m
2025-06-22 21:02:28:228 [31merror[39m: [31mQuery error: malformed array literal: "[]"[39m
2025-06-22 21:02:28:228 [31merror[39m: [31mFailed to get admin medical records statistics: malformed array literal: "[]"[39m
2025-06-22 21:02:28:228 [31merror[39m: [31mError: Failed to get medical records statistics[39m
2025-06-22 21:03:46:346 [31merror[39m: [31mFailed to get setting categories: Cannot read properties of undefined (reading 'getCategoryDisplayName')[39m
2025-06-22 21:03:46:346 [31merror[39m: [31mError: Failed to get setting categories[39m
2025-06-22 21:03:46:346 [31merror[39m: [31mFailed to get setting categories: Cannot read properties of undefined (reading 'getCategoryDisplayName')[39m
2025-06-22 21:03:46:346 [31merror[39m: [31mError: Failed to get setting categories[39m
